\BOOKMARK [0][-]{chapter.1}{\376\377\0001\000\040\174\173\175\042\137\025}{}% 1
\BOOKMARK [1][-]{section.1.1}{\376\377\0001\000.\0001\000\040\174\173\122\027\210\150}{chapter.1}% 2
\BOOKMARK [0][-]{chapter.2}{\376\377\0002\000\040\145\207\116\366\175\042\137\025}{}% 3
\BOOKMARK [1][-]{section.2.1}{\376\377\0002\000.\0001\000\040\145\207\116\366\122\027\210\150}{chapter.2}% 4
\BOOKMARK [0][-]{chapter.3}{\376\377\0003\000\040\174\173\213\364\146\016}{}% 5
\BOOKMARK [1][-]{section.3.1}{\376\377\0003\000.\0001\000\040\000E\000x\000p\000T\000r\000e\000e\174\173\000\040\123\302\200\003}{chapter.3}% 6
\BOOKMARK [2][-]{subsection.3.1.1}{\376\377\0003\000.\0001\000.\0001\000\040\213\346\176\306\143\317\217\360}{section.3.1}% 7
\BOOKMARK [2][-]{subsection.3.1.2}{\376\377\0003\000.\0001\000.\0002\000\040\142\020\124\130\121\375\145\160\213\364\146\016}{section.3.1}% 8
\BOOKMARK [3][-]{subsubsection.3.1.2.1}{\376\377\0003\000.\0001\000.\0002\000.\0001\000\040\000g\000e\000t\000R\000e\000s\000u\000l\000t\000\050\000\051}{subsection.3.1.2}% 9
\BOOKMARK [1][-]{section.3.2}{\376\377\0003\000.\0002\000\040\000N\000o\000d\000e\174\173\000\040\123\302\200\003}{chapter.3}% 10
\BOOKMARK [2][-]{subsection.3.2.1}{\376\377\0003\000.\0002\000.\0001\000\040\213\346\176\306\143\317\217\360}{section.3.2}% 11
\BOOKMARK [2][-]{subsection.3.2.2}{\376\377\0003\000.\0002\000.\0002\000\040\142\020\124\130\121\375\145\160\213\364\146\016}{section.3.2}% 12
\BOOKMARK [3][-]{subsubsection.3.2.2.1}{\376\377\0003\000.\0002\000.\0002\000.\0001\000\040\000c\000a\000l\000c\000u\000l\000a\000t\000e\000R\000e\000s\000u\000l\000t\000\050\000\051}{subsection.3.2.2}% 13
\BOOKMARK [0][-]{chapter.4}{\376\377\0004\000\040\145\207\116\366\213\364\146\016}{}% 14
\BOOKMARK [1][-]{section.4.1}{\376\377\0004\000.\0001\000\040\000c\000a\000l\000c\000u\000l\000a\000t\000o\000r\000.\000h\000\040\145\207\116\366\123\302\200\003}{chapter.4}% 15
\BOOKMARK [2][-]{subsection.4.1.1}{\376\377\0004\000.\0001\000.\0001\000\040\213\346\176\306\143\317\217\360}{section.4.1}% 16
\BOOKMARK [2][-]{subsection.4.1.2}{\376\377\0004\000.\0001\000.\0002\000\040\133\217\133\232\116\111\213\364\146\016}{section.4.1}% 17
\BOOKMARK [3][-]{subsubsection.4.1.2.1}{\376\377\0004\000.\0001\000.\0002\000.\0001\000\040\000\137\000E\000P\000S}{subsection.4.1.2}% 18
\BOOKMARK [2][-]{subsection.4.1.3}{\376\377\0004\000.\0001\000.\0003\000\040\121\375\145\160\213\364\146\016}{section.4.1}% 19
\BOOKMARK [3][-]{subsubsection.4.1.3.1}{\376\377\0004\000.\0001\000.\0003\000.\0001\000\040\000c\000h\000e\000c\000k\000B\000r\000a\000c\000k\000e\000t\000s\000\050\000\051}{subsection.4.1.3}% 20
\BOOKMARK [3][-]{subsubsection.4.1.3.2}{\376\377\0004\000.\0001\000.\0003\000.\0002\000\040\000i\000s\000D\000i\000g\000i\000t\000\050\000\051}{subsection.4.1.3}% 21
\BOOKMARK [3][-]{subsubsection.4.1.3.3}{\376\377\0004\000.\0001\000.\0003\000.\0003\000\040\000i\000s\000I\000n\000t\000e\000g\000e\000r\000\050\000\051}{subsection.4.1.3}% 22
\BOOKMARK [3][-]{subsubsection.4.1.3.4}{\376\377\0004\000.\0001\000.\0003\000.\0004\000\040\000q\000u\000i\000c\000k\000P\000o\000w\000\050\000\051}{subsection.4.1.3}% 23
\BOOKMARK [3][-]{subsubsection.4.1.3.5}{\376\377\0004\000.\0001\000.\0003\000.\0005\000\040\000r\000e\000a\000l\000E\000q\000u\000a\000l\000\050\000\051}{subsection.4.1.3}% 24
\BOOKMARK [0][-]{section*.9}{\376\377\000I\000n\000d\000e\000x}{}% 25
